[90m[2021-10-30 17:00:55 GMT+01][39m [foo.bar] [FATAL] LOG
[90m[2021-10-30 17:00:55 GMT+01][39m [foo.bar] [ERROR] LOG
[90m[2021-10-30 17:00:55 GMT+01][39m [foo.bar] [WARNING] LOG
[90m[2021-10-30 17:00:55 GMT+01][39m [foo.bar] [SUCCESS] LOG
[90m[2021-10-30 17:00:55 GMT+01][39m [foo.bar] [INFO] LOG
[90m[2021-10-30 17:00:55 GMT+01][39m [foo.bar] [DEBUG] LOG
[90m[2021-10-30 17:00:55 GMT+01][39m [foo.bar] [VERBOSE] LOG
[90m[2021-10-30 17:00:55 GMT+01][39m [foo.bar] [TRACE] LOG
[90m[2021-10-30 17:01:00 GMT+01][39m [foo.bar] [FATAL] LOG
[90m[2021-10-30 17:01:00 GMT+01][39m [foo.bar] [ERROR] LOG
[90m[2021-10-30 17:01:00 GMT+01][39m [foo.bar] [WARNING] LOG
[90m[2021-10-30 17:01:00 GMT+01][39m [foo.bar] [SUCCESS] LOG
[90m[2021-10-30 17:01:00 GMT+01][39m [foo.bar] [INFO] LOG
[90m[2021-10-30 17:01:00 GMT+01][39m [foo.bar] [DEBUG] LOG
[90m[2021-10-30 17:01:00 GMT+01][39m [foo.bar] [VERBOSE] LOG
[90m[2021-10-30 17:01:00 GMT+01][39m [foo.bar] [TRACE] LOG
[90m[2021-10-30 17:01:01 GMT+01][39m [foo.bar] [FATAL] LOG
[90m[2021-10-30 17:01:01 GMT+01][39m [foo.bar] [ERROR] LOG
[90m[2021-10-30 17:01:01 GMT+01][39m [foo.bar] [WARNING] LOG
[90m[2021-10-30 17:01:01 GMT+01][39m [foo.bar] [SUCCESS] LOG
[90m[2021-10-30 17:01:01 GMT+01][39m [foo.bar] [INFO] LOG
[90m[2021-10-30 17:01:01 GMT+01][39m [foo.bar] [DEBUG] LOG
[90m[2021-10-30 17:01:01 GMT+01][39m [foo.bar] [VERBOSE] LOG
[90m[2021-10-30 17:01:01 GMT+01][39m [foo.bar] [TRACE] LOG
[90m[2021-10-30 17:01:01 GMT+01][39m [foo.bar] [FATAL] LOG
[90m[2021-10-30 17:01:01 GMT+01][39m [foo.bar] [ERROR] LOG
[90m[2021-10-30 17:01:01 GMT+01][39m [foo.bar] [WARNING] LOG
[90m[2021-10-30 17:01:01 GMT+01][39m [foo.bar] [SUCCESS] LOG
[90m[2021-10-30 17:01:01 GMT+01][39m [foo.bar] [INFO] LOG
[90m[2021-10-30 17:01:01 GMT+01][39m [foo.bar] [DEBUG] LOG
[90m[2021-10-30 17:01:01 GMT+01][39m [foo.bar] [VERBOSE] LOG
[90m[2021-10-30 17:01:01 GMT+01][39m [foo.bar] [TRACE] LOG
[90m[2021-10-30 17:01:02 GMT+01][39m [foo.bar] [FATAL] LOG
[90m[2021-10-30 17:01:02 GMT+01][39m [foo.bar] [ERROR] LOG
[90m[2021-10-30 17:01:02 GMT+01][39m [foo.bar] [WARNING] LOG
[90m[2021-10-30 17:01:02 GMT+01][39m [foo.bar] [SUCCESS] LOG
[90m[2021-10-30 17:01:02 GMT+01][39m [foo.bar] [INFO] LOG
[90m[2021-10-30 17:01:02 GMT+01][39m [foo.bar] [DEBUG] LOG
[90m[2021-10-30 17:01:02 GMT+01][39m [foo.bar] [VERBOSE] LOG
[90m[2021-10-30 17:01:02 GMT+01][39m [foo.bar] [TRACE] LOG
[2021-10-30 17:01:36 GMT+01] [foo.bar] [FATAL] LOG
[2021-10-30 17:01:36 GMT+01] [foo.bar] [ERROR] LOG
[2021-10-30 17:01:36 GMT+01] [foo.bar] [WARNING] LOG
[2021-10-30 17:01:36 GMT+01] [foo.bar] [SUCCESS] LOG
[2021-10-30 17:01:36 GMT+01] [foo.bar] [INFO] LOG
[2021-10-30 17:01:36 GMT+01] [foo.bar] [DEBUG] LOG
[2021-10-30 17:01:36 GMT+01] [foo.bar] [VERBOSE] LOG
[2021-10-30 17:01:36 GMT+01] [foo.bar] [TRACE] LOG
[2021-10-30 17:01:37 GMT+01] [foo.bar] [FATAL] LOG
[2021-10-30 17:01:37 GMT+01] [foo.bar] [ERROR] LOG
[2021-10-30 17:01:37 GMT+01] [foo.bar] [WARNING] LOG
[2021-10-30 17:01:37 GMT+01] [foo.bar] [SUCCESS] LOG
[2021-10-30 17:01:37 GMT+01] [foo.bar] [INFO] LOG
[2021-10-30 17:01:37 GMT+01] [foo.bar] [DEBUG] LOG
[2021-10-30 17:01:37 GMT+01] [foo.bar] [VERBOSE] LOG
[2021-10-30 17:01:37 GMT+01] [foo.bar] [TRACE] LOG
[2021-10-30 17:01:39 GMT+01] [foo.bar] [FATAL] LOG
[2021-10-30 17:01:39 GMT+01] [foo.bar] [ERROR] LOG
[2021-10-30 17:01:39 GMT+01] [foo.bar] [WARNING] LOG
[2021-10-30 17:01:39 GMT+01] [foo.bar] [SUCCESS] LOG
[2021-10-30 17:01:39 GMT+01] [foo.bar] [INFO] LOG
[2021-10-30 17:01:39 GMT+01] [foo.bar] [DEBUG] LOG
[2021-10-30 17:01:39 GMT+01] [foo.bar] [VERBOSE] LOG
[2021-10-30 17:01:39 GMT+01] [foo.bar] [TRACE] LOG
